2023-06-12 18:18:33,269 - root - INFO -  
        CPU 사용                :	 3 코어
        프로그램 실행주기        :	 5 초
    
2023-06-12 18:18:38,287 - root - INFO -  멀티프로세스가 시작됩니다. 
2023-06-12 18:18:39,502 - root - INFO -  멀티프로세스가 종료되었습니다. 
2023-06-12 18:18:39,502 - root - INFO - --- 1.2151288986206055 seconds ---
2023-06-12 18:18:44,503 - root - INFO -  멀티프로세스가 시작됩니다. 
2023-06-12 18:18:46,167 - root - INFO -  멀티프로세스가 종료되었습니다. 
2023-06-12 18:18:46,167 - root - INFO - --- 1.6645536422729492 seconds ---
2023-06-12 18:18:51,169 - root - INFO -  멀티프로세스가 시작됩니다. 
2023-06-12 18:18:52,472 - root - INFO -  멀티프로세스가 종료되었습니다. 
2023-06-12 18:18:52,473 - root - INFO - --- 1.3048524856567383 seconds ---
2023-06-12 18:18:57,480 - root - INFO -  멀티프로세스가 시작됩니다. 
2023-06-12 18:18:59,847 - root - INFO -  멀티프로세스가 종료되었습니다. 
2023-06-12 18:18:59,847 - root - INFO - --- 2.3668344020843506 seconds ---
2023-06-12 18:19:04,847 - root - INFO -  멀티프로세스가 시작됩니다. 
2023-06-12 18:19:06,081 - root - INFO -  멀티프로세스가 종료되었습니다. 
2023-06-12 18:19:06,081 - root - INFO - --- 1.2338359355926514 seconds ---
2023-06-12 18:19:11,081 - root - INFO -  멀티프로세스가 시작됩니다. 
2023-06-12 18:19:12,142 - root - INFO -  멀티프로세스가 종료되었습니다. 
2023-06-12 18:19:12,142 - root - INFO - --- 1.0609676837921143 seconds ---
2023-06-12 18:19:17,144 - root - INFO -  멀티프로세스가 시작됩니다. 
2023-06-12 18:19:18,307 - root - INFO -  멀티프로세스가 종료되었습니다. 
2023-06-12 18:19:18,307 - root - INFO - --- 1.162750005722046 seconds ---
2023-06-12 18:19:23,308 - root - INFO -  멀티프로세스가 시작됩니다. 
2023-06-12 18:19:24,399 - root - INFO -  멀티프로세스가 종료되었습니다. 
2023-06-12 18:19:24,400 - root - INFO - --- 1.091829538345337 seconds ---
2023-06-12 18:19:29,401 - root - INFO -  멀티프로세스가 시작됩니다. 
2023-06-12 18:19:30,626 - root - INFO -  멀티프로세스가 종료되었습니다. 
2023-06-12 18:19:30,626 - root - INFO - --- 1.2245664596557617 seconds ---
2023-06-12 18:19:35,627 - root - INFO -  멀티프로세스가 시작됩니다. 
2023-06-12 18:19:36,710 - root - INFO -  멀티프로세스가 종료되었습니다. 
2023-06-12 18:19:36,711 - root - INFO - --- 1.0843641757965088 seconds ---
2023-06-12 18:19:41,711 - root - INFO -  멀티프로세스가 시작됩니다. 
2023-06-12 18:19:42,895 - root - INFO -  멀티프로세스가 종료되었습니다. 
2023-06-12 18:19:42,895 - root - INFO - --- 1.1834046840667725 seconds ---
2023-06-12 18:19:47,896 - root - INFO -  멀티프로세스가 시작됩니다. 
2023-06-12 18:19:48,874 - root - INFO -  멀티프로세스가 종료되었습니다. 
2023-06-12 18:19:48,876 - root - INFO - --- 0.9784035682678223 seconds ---
2023-06-12 18:19:53,877 - root - INFO -  멀티프로세스가 시작됩니다. 
2023-06-12 18:19:55,240 - root - INFO -  멀티프로세스가 종료되었습니다. 
2023-06-12 18:19:55,241 - root - INFO - --- 1.3646695613861084 seconds ---
2023-06-12 18:20:00,243 - root - INFO -  멀티프로세스가 시작됩니다. 
2023-06-12 18:20:01,246 - root - INFO -  멀티프로세스가 종료되었습니다. 
2023-06-12 18:20:01,246 - root - INFO - --- 1.0025222301483154 seconds ---
2023-06-12 18:20:06,247 - root - INFO -  멀티프로세스가 시작됩니다. 
2023-06-12 18:20:07,558 - root - INFO -  멀티프로세스가 종료되었습니다. 
2023-06-12 18:20:07,558 - root - INFO - --- 1.3113009929656982 seconds ---
2023-06-12 18:20:12,560 - root - INFO -  멀티프로세스가 시작됩니다. 
2023-06-12 18:20:13,548 - root - INFO -  멀티프로세스가 종료되었습니다. 
2023-06-12 18:20:13,548 - root - INFO - --- 0.987708330154419 seconds ---
2023-06-12 18:20:18,550 - root - INFO -  멀티프로세스가 시작됩니다. 
2023-06-12 18:20:19,624 - root - INFO -  멀티프로세스가 종료되었습니다. 
2023-06-12 18:20:19,625 - root - INFO - --- 1.0752995014190674 seconds ---
2023-06-12 18:20:24,625 - root - INFO -  멀티프로세스가 시작됩니다. 
2023-06-12 18:20:25,506 - root - INFO -  멀티프로세스가 종료되었습니다. 
2023-06-12 18:20:25,507 - root - INFO - --- 0.8818650245666504 seconds ---
2023-06-12 18:20:30,508 - root - INFO -  멀티프로세스가 시작됩니다. 
2023-06-12 18:20:31,496 - root - INFO -  멀티프로세스가 종료되었습니다. 
2023-06-12 18:20:31,496 - root - INFO - --- 0.9876542091369629 seconds ---
2023-06-12 18:20:36,498 - root - INFO -  멀티프로세스가 시작됩니다. 
2023-06-12 18:20:37,581 - root - INFO -  멀티프로세스가 종료되었습니다. 
2023-06-12 18:20:37,581 - root - INFO - --- 1.083080530166626 seconds ---
2023-06-12 18:20:42,582 - root - INFO -  멀티프로세스가 시작됩니다. 
2023-06-12 18:20:43,570 - root - INFO -  멀티프로세스가 종료되었습니다. 
2023-06-12 18:20:43,570 - root - INFO - --- 0.9874718189239502 seconds ---
2023-06-12 18:20:48,571 - root - INFO -  멀티프로세스가 시작됩니다. 
2023-06-12 18:20:49,615 - root - INFO -  멀티프로세스가 종료되었습니다. 
2023-06-12 18:20:49,616 - root - INFO - --- 1.045320987701416 seconds ---
2023-06-12 18:20:54,617 - root - INFO -  멀티프로세스가 시작됩니다. 
2023-06-12 18:20:55,597 - root - INFO -  멀티프로세스가 종료되었습니다. 
2023-06-12 18:20:55,597 - root - INFO - --- 0.9800105094909668 seconds ---
2023-06-12 18:21:00,598 - root - INFO -  멀티프로세스가 시작됩니다. 
2023-06-12 18:21:02,086 - root - INFO -  멀티프로세스가 종료되었습니다. 
2023-06-12 18:21:02,086 - root - INFO - --- 1.488189935684204 seconds ---
2023-06-12 18:21:07,088 - root - INFO -  멀티프로세스가 시작됩니다. 
2023-06-12 18:21:08,514 - root - INFO -  멀티프로세스가 종료되었습니다. 
2023-06-12 18:21:08,514 - root - INFO - --- 1.425227403640747 seconds ---
2023-06-12 18:21:13,515 - root - INFO -  멀티프로세스가 시작됩니다. 
2023-06-12 18:21:15,834 - root - INFO -  멀티프로세스가 종료되었습니다. 
2023-06-12 18:21:15,834 - root - INFO - --- 2.3188579082489014 seconds ---
2023-06-12 18:21:20,836 - root - INFO -  멀티프로세스가 시작됩니다. 
2023-06-12 18:21:22,606 - root - INFO -  멀티프로세스가 종료되었습니다. 
2023-06-12 18:21:22,606 - root - INFO - --- 1.7704083919525146 seconds ---
2023-06-12 18:21:27,608 - root - INFO -  멀티프로세스가 시작됩니다. 
2023-06-12 18:21:29,519 - root - INFO -  멀티프로세스가 종료되었습니다. 
2023-06-12 18:21:29,519 - root - INFO - --- 1.9109933376312256 seconds ---
2023-06-12 18:21:34,520 - root - INFO -  멀티프로세스가 시작됩니다. 
2023-06-12 18:21:36,869 - root - INFO -  멀티프로세스가 종료되었습니다. 
2023-06-12 18:21:36,869 - root - INFO - --- 2.3488926887512207 seconds ---
2023-06-12 18:21:41,870 - root - INFO -  멀티프로세스가 시작됩니다. 
2023-06-12 18:21:43,522 - root - INFO -  멀티프로세스가 종료되었습니다. 
2023-06-12 18:21:43,522 - root - INFO - --- 1.6525235176086426 seconds ---
2023-06-12 18:21:48,522 - root - INFO -  멀티프로세스가 시작됩니다. 
2023-06-12 18:21:50,381 - root - INFO -  멀티프로세스가 종료되었습니다. 
2023-06-12 18:21:50,381 - root - INFO - --- 1.858933925628662 seconds ---
2023-06-12 18:21:55,382 - root - INFO -  멀티프로세스가 시작됩니다. 
2023-06-12 18:21:56,470 - root - INFO -  멀티프로세스가 종료되었습니다. 
2023-06-12 18:21:56,470 - root - INFO - --- 1.0873713493347168 seconds ---
2023-06-12 18:22:01,470 - root - INFO -  멀티프로세스가 시작됩니다. 
2023-06-12 18:22:02,467 - root - INFO -  멀티프로세스가 종료되었습니다. 
2023-06-12 18:22:02,467 - root - INFO - --- 0.9967978000640869 seconds ---
2023-06-12 18:22:07,467 - root - INFO -  멀티프로세스가 시작됩니다. 
2023-06-12 18:22:08,436 - root - INFO -  멀티프로세스가 종료되었습니다. 
2023-06-12 18:22:08,436 - root - INFO - --- 0.9696190357208252 seconds ---
2023-06-12 18:22:13,437 - root - INFO -  멀티프로세스가 시작됩니다. 
2023-06-12 18:22:14,510 - root - INFO -  멀티프로세스가 종료되었습니다. 
2023-06-12 18:22:14,510 - root - INFO - --- 1.0733904838562012 seconds ---
2023-06-13 10:22:18,253 - root - INFO -  멀티프로세스가 시작됩니다. 
